0 info it worked if it ends with ok
1 verbose cli [ 'C:\\Program Files\\nodejs\\node.exe',
1 verbose cli   'C:\\Program Files\\nodejs\\node_modules\\npm\\bin\\npm-cli.js',
1 verbose cli   'run',
1 verbose cli   'dev_win' ]
2 info using npm@3.10.10
3 info using node@v6.11.1
4 verbose run-script [ 'predev_win', 'dev_win', 'postdev_win' ]
5 info lifecycle mmal-fe@1.0.0~predev_win: mmal-fe@1.0.0
6 silly lifecycle mmal-fe@1.0.0~predev_win: no script for predev_win, continuing
7 info lifecycle mmal-fe@1.0.0~dev_win: mmal-fe@1.0.0
8 verbose lifecycle mmal-fe@1.0.0~dev_win: unsafe-perm in lifecycle true
9 verbose lifecycle mmal-fe@1.0.0~dev_win: PATH: C:\Program Files\nodejs\node_modules\npm\bin\node-gyp-bin;E:\study\Gitwork\mmall\doc\mmall-fe\node_modules\.bin;E:\study\Gitwork\bin;C:\Program Files\Git\mingw64\bin;C:\Program Files\Git\usr\local\bin;C:\Program Files\Git\usr\bin;C:\Program Files\Git\usr\bin;C:\Program Files\Git\mingw64\bin;C:\Program Files\Git\usr\bin;E:\study\Gitwork\bin;C:\ProgramData\Oracle\Java\javapath;C:\Windows\system32;C:\Windows;C:\Windows\System32\Wbem;C:\Windows\System32\WindowsPowerShell\v1.0;C:\Program Files\nodejs;C:\Program Files\Git\cmd;C:\Program Files\nodejs\node_modules\npm\bin;C:\Program Files\nodejs\node_global;C:\Program Files\nodejs\node_cache;C:\Program Files\Git\usr\bin\vendor_perl;C:\Program Files\Git\usr\bin\core_perl
10 verbose lifecycle mmal-fe@1.0.0~dev_win: CWD: E:\study\Gitwork\mmall\doc\mmall-fe
11 silly lifecycle mmal-fe@1.0.0~dev_win: Args: [ '/d /s /c',
11 silly lifecycle   'set WEBPACK_ENV=dev && webpack-dev-server --inline --port 8088' ]
12 silly lifecycle mmal-fe@1.0.0~dev_win: Returned: code: 1  signal: null
13 info lifecycle mmal-fe@1.0.0~dev_win: Failed to exec dev_win script
14 verbose stack Error: mmal-fe@1.0.0 dev_win: `set WEBPACK_ENV=dev && webpack-dev-server --inline --port 8088`
14 verbose stack Exit status 1
14 verbose stack     at EventEmitter.<anonymous> (C:\Program Files\nodejs\node_modules\npm\lib\utils\lifecycle.js:255:16)
14 verbose stack     at emitTwo (events.js:106:13)
14 verbose stack     at EventEmitter.emit (events.js:191:7)
14 verbose stack     at ChildProcess.<anonymous> (C:\Program Files\nodejs\node_modules\npm\lib\utils\spawn.js:40:14)
14 verbose stack     at emitTwo (events.js:106:13)
14 verbose stack     at ChildProcess.emit (events.js:191:7)
14 verbose stack     at maybeClose (internal/child_process.js:891:16)
14 verbose stack     at Process.ChildProcess._handle.onexit (internal/child_process.js:226:5)
15 verbose pkgid mmal-fe@1.0.0
16 verbose cwd E:\study\Gitwork\mmall\doc\mmall-fe
17 error Windows_NT 6.1.7601
18 error argv "C:\\Program Files\\nodejs\\node.exe" "C:\\Program Files\\nodejs\\node_modules\\npm\\bin\\npm-cli.js" "run" "dev_win"
19 error node v6.11.1
20 error npm  v3.10.10
21 error code ELIFECYCLE
22 error mmal-fe@1.0.0 dev_win: `set WEBPACK_ENV=dev && webpack-dev-server --inline --port 8088`
22 error Exit status 1
23 error Failed at the mmal-fe@1.0.0 dev_win script 'set WEBPACK_ENV=dev && webpack-dev-server --inline --port 8088'.
23 error Make sure you have the latest version of node.js and npm installed.
23 error If you do, this is most likely a problem with the mmal-fe package,
23 error not with npm itself.
23 error Tell the author that this fails on your system:
23 error     set WEBPACK_ENV=dev && webpack-dev-server --inline --port 8088
23 error You can get information on how to open an issue for this project with:
23 error     npm bugs mmal-fe
23 error Or if that isn't available, you can get their info via:
23 error     npm owner ls mmal-fe
23 error There is likely additional logging output above.
24 verbose exit [ 1, true ]
